build/outputs/logs/manifest-merger-debug-report.txt
-- Merging decision tree log ---
manifest
ADDED from Linphone\AndroidManifest.xml:2:1-325:12
	package
		ADDED from Linphone\AndroidManifest.xml:3:5-27
	android:versionName
		ADDED from Linphone\AndroidManifest.xml:7:5-32
		INJECTED from Linphone\AndroidManifest.xml
		INJECTED from Linphone\AndroidManifest.xml
	android:versionCode
		ADDED from Linphone\AndroidManifest.xml:6:5-31
		INJECTED from Linphone\AndroidManifest.xml
		INJECTED from Linphone\AndroidManifest.xml
	xmlns:android
		ADDED from Linphone\AndroidManifest.xml:2:11-69
	android:installLocation
		ADDED from Linphone\AndroidManifest.xml:5:5-35
uses-sdk
ADDED from Linphone\AndroidManifest.xml:9:5-11:41
	android:targetSdkVersion
		ADDED from Linphone\AndroidManifest.xml:11:9-38
	android:minSdkVersion
		ADDED from Linphone\AndroidManifest.xml:10:9-35
uses-permission#org.linphone.permission.C2D_MESSAGE
ADDED from Linphone\AndroidManifest.xml:15:5-75
	android:name
		ADDED from Linphone\AndroidManifest.xml:15:22-72
uses-permission#com.google.android.c2dm.permission.RECEIVE
ADDED from Linphone\AndroidManifest.xml:16:5-82
	android:name
		ADDED from Linphone\AndroidManifest.xml:16:22-79
uses-permission#android.permission.INTERNET
ADDED from Linphone\AndroidManifest.xml:18:5-67
	android:name
		ADDED from Linphone\AndroidManifest.xml:18:22-64
uses-permission#android.permission.RECORD_AUDIO
ADDED from Linphone\AndroidManifest.xml:19:5-71
	android:name
		ADDED from Linphone\AndroidManifest.xml:19:22-68
uses-permission#android.permission.READ_CONTACTS
ADDED from Linphone\AndroidManifest.xml:20:5-72
	android:name
		ADDED from Linphone\AndroidManifest.xml:20:22-69
uses-permission#android.permission.MODIFY_AUDIO_SETTINGS
ADDED from Linphone\AndroidManifest.xml:21:5-80
	android:name
		ADDED from Linphone\AndroidManifest.xml:21:22-77
uses-permission#android.permission.ACCESS_NETWORK_STATE
ADDED from Linphone\AndroidManifest.xml:22:5-79
	android:name
		ADDED from Linphone\AndroidManifest.xml:22:22-76
uses-permission#android.permission.WAKE_LOCK
ADDED from Linphone\AndroidManifest.xml:23:5-68
	android:name
		ADDED from Linphone\AndroidManifest.xml:23:22-65
uses-permission#android.permission.PROCESS_OUTGOING_CALLS
ADDED from Linphone\AndroidManifest.xml:24:5-81
	android:name
		ADDED from Linphone\AndroidManifest.xml:24:22-78
uses-permission#android.permission.CALL_PHONE
ADDED from Linphone\AndroidManifest.xml:25:5-69
	android:name
		ADDED from Linphone\AndroidManifest.xml:25:22-66
uses-feature#android.hardware.telephony
ADDED from Linphone\AndroidManifest.xml:27:5-29:36
	android:required
		ADDED from Linphone\AndroidManifest.xml:29:9-33
	android:name
		ADDED from Linphone\AndroidManifest.xml:28:9-50
uses-permission#android.permission.RECEIVE_BOOT_COMPLETED
ADDED from Linphone\AndroidManifest.xml:31:5-81
	android:name
		ADDED from Linphone\AndroidManifest.xml:31:22-78
uses-permission#android.permission.VIBRATE
ADDED from Linphone\AndroidManifest.xml:32:5-66
	android:name
		ADDED from Linphone\AndroidManifest.xml:32:22-63
uses-permission#android.permission.CAMERA
ADDED from Linphone\AndroidManifest.xml:33:5-65
	android:name
		ADDED from Linphone\AndroidManifest.xml:33:22-62
uses-feature#android.hardware.camera
ADDED from Linphone\AndroidManifest.xml:35:5-37:36
	android:required
		ADDED from Linphone\AndroidManifest.xml:37:9-33
	android:name
		ADDED from Linphone\AndroidManifest.xml:36:9-47
uses-permission#android.permission.READ_LOGS
ADDED from Linphone\AndroidManifest.xml:39:5-68
	android:name
		ADDED from Linphone\AndroidManifest.xml:39:22-65
uses-permission#android.permission.READ_PHONE_STATE
ADDED from Linphone\AndroidManifest.xml:40:5-75
	android:name
		ADDED from Linphone\AndroidManifest.xml:40:22-72
uses-permission#android.permission.READ_EXTERNAL_STORAGE
ADDED from Linphone\AndroidManifest.xml:41:5-80
	android:name
		ADDED from Linphone\AndroidManifest.xml:41:22-77
uses-permission#android.permission.WRITE_EXTERNAL_STORAGE
ADDED from Linphone\AndroidManifest.xml:43:5-81
	android:name
		ADDED from Linphone\AndroidManifest.xml:43:22-78
uses-permission#android.permission.WRITE_CONTACTS
ADDED from Linphone\AndroidManifest.xml:45:5-73
	android:name
		ADDED from Linphone\AndroidManifest.xml:45:22-70
uses-permission#android.permission.BLUETOOTH
ADDED from Linphone\AndroidManifest.xml:47:5-68
	android:name
		ADDED from Linphone\AndroidManifest.xml:47:22-65
uses-permission#android.permission.BROADCAST_STICKY
ADDED from Linphone\AndroidManifest.xml:48:5-75
	android:name
		ADDED from Linphone\AndroidManifest.xml:48:22-72
uses-permission#android.permission.GET_ACCOUNTS
ADDED from Linphone\AndroidManifest.xml:50:5-71
	android:name
		ADDED from Linphone\AndroidManifest.xml:50:22-68
uses-permission#android.permission.ACCESS_WIFI_STATE
ADDED from Linphone\AndroidManifest.xml:51:5-76
	android:name
		ADDED from Linphone\AndroidManifest.xml:51:22-73
uses-permission#android.permission.CHANGE_WIFI_MULTICAST_STATE
ADDED from Linphone\AndroidManifest.xml:52:5-86
	android:name
		ADDED from Linphone\AndroidManifest.xml:52:22-83
uses-permission#android.permission.READ_SYNC_SETTINGS
ADDED from Linphone\AndroidManifest.xml:53:5-77
	android:name
		ADDED from Linphone\AndroidManifest.xml:53:22-74
uses-permission#android.permission.WRITE_SYNC_SETTINGS
ADDED from Linphone\AndroidManifest.xml:54:5-78
	android:name
		ADDED from Linphone\AndroidManifest.xml:54:22-75
uses-permission#android.permission.AUTHENTICATE_ACCOUNTS
ADDED from Linphone\AndroidManifest.xml:55:5-80
	android:name
		ADDED from Linphone\AndroidManifest.xml:55:22-77
uses-permission#com.android.vending.BILLING
ADDED from Linphone\AndroidManifest.xml:57:5-67
	android:name
		ADDED from Linphone\AndroidManifest.xml:57:22-64
uses-permission#android.permission.SYSTEM_ALERT_WINDOW
ADDED from Linphone\AndroidManifest.xml:59:5-78
	android:name
		ADDED from Linphone\AndroidManifest.xml:59:22-75
supports-screens
ADDED from Linphone\AndroidManifest.xml:61:5-66:40
	android:largeScreens
		ADDED from Linphone\AndroidManifest.xml:63:9-36
	android:smallScreens
		ADDED from Linphone\AndroidManifest.xml:65:9-36
	android:normalScreens
		ADDED from Linphone\AndroidManifest.xml:64:9-37
	android:xlargeScreens
		ADDED from Linphone\AndroidManifest.xml:66:9-37
	android:anyDensity
		ADDED from Linphone\AndroidManifest.xml:62:9-34
application
ADDED from Linphone\AndroidManifest.xml:68:5-323:19
	android:label
		ADDED from Linphone\AndroidManifest.xml:71:9-41
	android:allowBackup
		ADDED from Linphone\AndroidManifest.xml:69:9-35
	android:icon
		ADDED from Linphone\AndroidManifest.xml:70:9-43
	android:largeHeap
		ADDED from Linphone\AndroidManifest.xml:72:9-33
activity#org.linphone.LinphoneLauncherActivity
ADDED from Linphone\AndroidManifest.xml:74:9-112:20
	android:label
		ADDED from Linphone\AndroidManifest.xml:77:13-45
	android:exported
		ADDED from Linphone\AndroidManifest.xml:76:13-36
	android:windowSoftInputMode
		ADDED from Linphone\AndroidManifest.xml:79:13-64
	android:theme
		ADDED from Linphone\AndroidManifest.xml:78:13-43
	android:name
		ADDED from Linphone\AndroidManifest.xml:75:13-65
intent-filter#android.intent.action.MAIN+android.intent.category.LAUNCHER
ADDED from Linphone\AndroidManifest.xml:80:13-83:29
action#android.intent.action.MAIN
ADDED from Linphone\AndroidManifest.xml:81:17-69
	android:name
		ADDED from Linphone\AndroidManifest.xml:81:25-66
category#android.intent.category.LAUNCHER
ADDED from Linphone\AndroidManifest.xml:82:17-77
	android:name
		ADDED from Linphone\AndroidManifest.xml:82:27-74
intent-filter#android.intent.action.CALL+android.intent.action.CALL_PRIVILEGED+android.intent.category.DEFAULT
ADDED from Linphone\AndroidManifest.xml:85:13-94:29
action#android.intent.action.CALL
ADDED from Linphone\AndroidManifest.xml:86:17-69
	android:name
		ADDED from Linphone\AndroidManifest.xml:86:25-66
action#android.intent.action.CALL_PRIVILEGED
ADDED from Linphone\AndroidManifest.xml:87:17-80
	android:name
		ADDED from Linphone\AndroidManifest.xml:87:25-77
category#android.intent.category.DEFAULT
ADDED from Linphone\AndroidManifest.xml:89:17-76
	android:name
		ADDED from Linphone\AndroidManifest.xml:89:27-73
data
ADDED from Linphone\AndroidManifest.xml:91:17-46
	android:scheme
		ADDED from Linphone\AndroidManifest.xml:91:23-43
intent-filter#android.intent.action.SENDTO+android.intent.category.DEFAULT
ADDED from Linphone\AndroidManifest.xml:96:13-102:29
action#android.intent.action.SENDTO
ADDED from Linphone\AndroidManifest.xml:97:17-71
	android:name
		ADDED from Linphone\AndroidManifest.xml:97:25-68
intent-filter#android.intent.action.VIEW+android.intent.category.BROWSABLE+android.intent.category.DEFAULT
ADDED from Linphone\AndroidManifest.xml:104:13-110:29
action#android.intent.action.VIEW
ADDED from Linphone\AndroidManifest.xml:106:17-69
	android:name
		ADDED from Linphone\AndroidManifest.xml:106:25-66
category#android.intent.category.BROWSABLE
ADDED from Linphone\AndroidManifest.xml:108:17-78
	android:name
		ADDED from Linphone\AndroidManifest.xml:108:27-75
activity#org.linphone.LinphoneActivity
ADDED from Linphone\AndroidManifest.xml:114:9-122:20
	android:screenOrientation
		ADDED from Linphone\AndroidManifest.xml:117:13-47
	android:launchMode
		ADDED from Linphone\AndroidManifest.xml:116:13-44
	android:theme
		ADDED from Linphone\AndroidManifest.xml:118:13-43
	android:name
		ADDED from Linphone\AndroidManifest.xml:115:13-57
intent-filter#android.intent.action.MAIN
ADDED from Linphone\AndroidManifest.xml:119:13-121:29
activity#org.linphone.CallIncomingActivity
ADDED from Linphone\AndroidManifest.xml:124:9-132:20
	android:screenOrientation
		ADDED from Linphone\AndroidManifest.xml:127:13-47
	android:launchMode
		ADDED from Linphone\AndroidManifest.xml:126:13-43
	android:theme
		ADDED from Linphone\AndroidManifest.xml:128:13-43
	android:name
		ADDED from Linphone\AndroidManifest.xml:125:13-49
activity#org.linphone.CallOutgoingActivity
ADDED from Linphone\AndroidManifest.xml:134:9-142:20
	android:screenOrientation
		ADDED from Linphone\AndroidManifest.xml:137:13-47
	android:launchMode
		ADDED from Linphone\AndroidManifest.xml:136:13-43
	android:theme
		ADDED from Linphone\AndroidManifest.xml:138:13-43
	android:name
		ADDED from Linphone\AndroidManifest.xml:135:13-49
activity#org.linphone.CallActivity
ADDED from Linphone\AndroidManifest.xml:144:9-158:20
	android:launchMode
		ADDED from Linphone\AndroidManifest.xml:146:13-43
	android:theme
		ADDED from Linphone\AndroidManifest.xml:147:13-46
	android:name
		ADDED from Linphone\AndroidManifest.xml:145:13-41
activity#org.linphone.assistant.AssistantActivity
ADDED from Linphone\AndroidManifest.xml:160:9-167:20
	android:screenOrientation
		ADDED from Linphone\AndroidManifest.xml:162:13-47
	android:theme
		ADDED from Linphone\AndroidManifest.xml:163:13-43
	android:name
		ADDED from Linphone\AndroidManifest.xml:161:13-56
activity#org.linphone.purchase.InAppPurchaseActivity
ADDED from Linphone\AndroidManifest.xml:169:9-176:20
	android:screenOrientation
		ADDED from Linphone\AndroidManifest.xml:171:13-49
	android:theme
		ADDED from Linphone\AndroidManifest.xml:172:13-43
	android:name
		ADDED from Linphone\AndroidManifest.xml:170:13-71
activity#org.linphone.assistant.RemoteProvisioningLoginActivity
ADDED from Linphone\AndroidManifest.xml:178:9-185:20
	android:screenOrientation
		ADDED from Linphone\AndroidManifest.xml:180:13-49
	android:theme
		ADDED from Linphone\AndroidManifest.xml:181:13-43
	android:name
		ADDED from Linphone\AndroidManifest.xml:179:13-82
activity#org.linphone.assistant.RemoteProvisioningActivity
ADDED from Linphone\AndroidManifest.xml:187:9-202:20
	android:screenOrientation
		ADDED from Linphone\AndroidManifest.xml:189:13-49
	android:theme
		ADDED from Linphone\AndroidManifest.xml:190:13-43
	android:name
		ADDED from Linphone\AndroidManifest.xml:188:13-77
service#org.linphone.LinphoneService
ADDED from Linphone\AndroidManifest.xml:204:9-207:44
	android:label
		ADDED from Linphone\AndroidManifest.xml:206:13-49
	android:stopWithTask
		ADDED from Linphone\AndroidManifest.xml:207:13-41
	android:name
		ADDED from Linphone\AndroidManifest.xml:205:13-56
service#org.linphone.sync.SyncService
ADDED from Linphone\AndroidManifest.xml:209:9-222:19
	android:exported
		ADDED from Linphone\AndroidManifest.xml:211:13-36
	android:name
		ADDED from Linphone\AndroidManifest.xml:210:13-57
intent-filter#android.content.SyncAdapter
ADDED from Linphone\AndroidManifest.xml:212:13-214:29
action#android.content.SyncAdapter
ADDED from Linphone\AndroidManifest.xml:213:17-70
	android:name
		ADDED from Linphone\AndroidManifest.xml:213:25-67
meta-data#android.content.SyncAdapter
ADDED from Linphone\AndroidManifest.xml:216:13-218:55
	android:resource
		ADDED from Linphone\AndroidManifest.xml:218:17-52
	android:name
		ADDED from Linphone\AndroidManifest.xml:217:17-59
meta-data#android.provider.CONTACTS_STRUCTURE
ADDED from Linphone\AndroidManifest.xml:219:13-221:52
	android:resource
		ADDED from Linphone\AndroidManifest.xml:221:17-49
	android:name
		ADDED from Linphone\AndroidManifest.xml:220:17-67
service#org.linphone.sync.AuthenticationService
ADDED from Linphone\AndroidManifest.xml:224:9-231:19
	android:name
		ADDED from Linphone\AndroidManifest.xml:224:18-72
intent-filter#android.accounts.AccountAuthenticator
ADDED from Linphone\AndroidManifest.xml:225:13-227:29
action#android.accounts.AccountAuthenticator
ADDED from Linphone\AndroidManifest.xml:226:17-80
	android:name
		ADDED from Linphone\AndroidManifest.xml:226:25-77
meta-data#android.accounts.AccountAuthenticator
ADDED from Linphone\AndroidManifest.xml:228:13-230:57
	android:resource
		ADDED from Linphone\AndroidManifest.xml:230:17-54
	android:name
		ADDED from Linphone\AndroidManifest.xml:229:17-69
receiver#org.linphone.NetworkManager
ADDED from Linphone\AndroidManifest.xml:233:9-237:20
	android:name
		ADDED from Linphone\AndroidManifest.xml:233:19-61
intent-filter#android.net.conn.CONNECTIVITY_CHANGE
ADDED from Linphone\AndroidManifest.xml:234:13-236:29
action#android.net.conn.CONNECTIVITY_CHANGE
ADDED from Linphone\AndroidManifest.xml:235:17-86
	android:name
		ADDED from Linphone\AndroidManifest.xml:235:25-76
receiver#org.linphone.BluetoothManager
ADDED from Linphone\AndroidManifest.xml:239:9-241:48
	android:enabled
		ADDED from Linphone\AndroidManifest.xml:241:13-36
	android:name
		ADDED from Linphone\AndroidManifest.xml:240:13-57
receiver#org.linphone.BootReceiver
ADDED from Linphone\AndroidManifest.xml:243:9-250:20
	android:name
		ADDED from Linphone\AndroidManifest.xml:243:19-59
intent-filter#android.intent.action.BOOT_COMPLETED
ADDED from Linphone\AndroidManifest.xml:244:13-246:29
action#android.intent.action.BOOT_COMPLETED
ADDED from Linphone\AndroidManifest.xml:245:17-86
	android:name
		ADDED from Linphone\AndroidManifest.xml:245:25-76
intent-filter#android.intent.action.ACTION_SHUTDOWN
ADDED from Linphone\AndroidManifest.xml:247:13-249:29
action#android.intent.action.ACTION_SHUTDOWN
ADDED from Linphone\AndroidManifest.xml:248:17-87
	android:name
		ADDED from Linphone\AndroidManifest.xml:248:25-77
receiver#org.linphone.PhoneStateChangedReceiver
ADDED from Linphone\AndroidManifest.xml:252:9-256:20
	android:name
		ADDED from Linphone\AndroidManifest.xml:252:19-72
intent-filter#android.intent.action.PHONE_STATE
ADDED from Linphone\AndroidManifest.xml:253:13-255:29
action#android.intent.action.PHONE_STATE
ADDED from Linphone\AndroidManifest.xml:254:17-76
	android:name
		ADDED from Linphone\AndroidManifest.xml:254:25-73
receiver#org.linphone.KeepAliveReceiver
ADDED from Linphone\AndroidManifest.xml:259:9-54
	android:name
		ADDED from Linphone\AndroidManifest.xml:259:19-51
receiver#org.linphone.gcm.GCMReceiver
ADDED from Linphone\AndroidManifest.xml:262:9-271:20
	android:permission
		ADDED from Linphone\AndroidManifest.xml:264:13-73
	android:name
		ADDED from Linphone\AndroidManifest.xml:263:13-56
intent-filter#com.google.android.c2dm.intent.RECEIVE+com.google.android.c2dm.intent.REGISTRATION+org.linphone
ADDED from Linphone\AndroidManifest.xml:265:13-270:29
action#com.google.android.c2dm.intent.RECEIVE
ADDED from Linphone\AndroidManifest.xml:266:17-81
	android:name
		ADDED from Linphone\AndroidManifest.xml:266:25-78
action#com.google.android.c2dm.intent.REGISTRATION
ADDED from Linphone\AndroidManifest.xml:267:17-86
	android:name
		ADDED from Linphone\AndroidManifest.xml:267:25-83
category#org.linphone
ADDED from Linphone\AndroidManifest.xml:269:17-57
	android:name
		ADDED from Linphone\AndroidManifest.xml:269:27-54
service#org.linphone.gcm.GCMService
ADDED from Linphone\AndroidManifest.xml:273:9-63
	android:name
		ADDED from Linphone\AndroidManifest.xml:273:18-60
activity#org.linphone.tutorials.TutorialLauncherActivity
ADDED from Linphone\AndroidManifest.xml:275:9-281:20
	android:theme
		ADDED from Linphone\AndroidManifest.xml:277:13-43
	android:name
		ADDED from Linphone\AndroidManifest.xml:276:13-75
activity#org.linphone.tutorials.TutorialBuddyStatusActivity
ADDED from Linphone\AndroidManifest.xml:283:9-289:20
	android:theme
		ADDED from Linphone\AndroidManifest.xml:285:13-43
	android:name
		ADDED from Linphone\AndroidManifest.xml:284:13-78
activity#org.linphone.tutorials.TutorialChatRoomActivity
ADDED from Linphone\AndroidManifest.xml:291:9-297:20
	android:theme
		ADDED from Linphone\AndroidManifest.xml:293:13-43
	android:name
		ADDED from Linphone\AndroidManifest.xml:292:13-75
activity#org.linphone.tutorials.TutorialHelloWorldActivity
ADDED from Linphone\AndroidManifest.xml:299:9-305:20
	android:theme
		ADDED from Linphone\AndroidManifest.xml:301:13-43
	android:name
		ADDED from Linphone\AndroidManifest.xml:300:13-77
activity#org.linphone.tutorials.TutorialRegistrationActivity
ADDED from Linphone\AndroidManifest.xml:307:9-313:20
	android:theme
		ADDED from Linphone\AndroidManifest.xml:309:13-43
	android:name
		ADDED from Linphone\AndroidManifest.xml:308:13-79
activity#org.linphone.tutorials.TutorialCardDavSync
ADDED from Linphone\AndroidManifest.xml:315:9-321:20
	android:theme
		ADDED from Linphone\AndroidManifest.xml:317:13-43
	android:name
		ADDED from Linphone\AndroidManifest.xml:316:13-70